[    0.000000] Linux version 4.15.0-132-generic (buildd@lgw01-amd64-036) (gcc version 7.5.0 (Ubuntu 7.5.0-3ubuntu1~18.04)) #136-Ubuntu SMP Tue Jan 12 14:58:42 UTC 2021 (Ubuntu 4.15.0-132.136-generic 4.15.18)
[    0.000000] Command line: BOOT_IMAGE=/boot/vmlinuz-4.15.0-132-generic root=LABEL=cloudimg-rootfs ro console=tty1 console=ttyS0
[    0.000000] KERNEL supported cpus:
[    0.000000]   Intel GenuineIntel
[    0.000000]   AMD AuthenticAMD
[    0.000000]   Centaur CentaurHauls
[    0.000000] [Firmware Bug]: TSC doesn't count with P0 frequency!
[    0.000000] x86/fpu: x87 FPU will use FXSAVE
[    0.000000] e820: BIOS-provided physical RAM map:
[    0.000000] BIOS-e820: [mem 0x0000000000000000-0x000000000009fbff] usable
[    0.000000] BIOS-e820: [mem 0x000000000009fc00-0x000000000009ffff] reserved
[    0.000000] BIOS-e820: [mem 0x00000000000f0000-0x00000000000fffff] reserved
[    0.000000] BIOS-e820: [mem 0x0000000000100000-0x00000000dffeffff] usable
[    0.000000] BIOS-e820: [mem 0x00000000dfff0000-0x00000000dfffffff] ACPI data
[    0.000000] BIOS-e820: [mem 0x00000000fec00000-0x00000000fec00fff] reserved
[    0.000000] BIOS-e820: [mem 0x00000000fee00000-0x00000000fee00fff] reserved
[    0.000000] BIOS-e820: [mem 0x00000000fffc0000-0x00000000ffffffff] reserved
[    0.000000] BIOS-e820: [mem 0x0000000100000000-0x000000011fffffff] usable
[    0.000000] NX (Execute Disable) protection: active
[    0.000000] SMBIOS 2.5 present.
[    0.000000] DMI: innotek GmbH VirtualBox/VirtualBox, BIOS VirtualBox 12/01/2006
[    0.000000] Hypervisor detected: KVM
[    0.000000] e820: last_pfn = 0x120000 max_arch_pfn = 0x400000000
[    0.000000] MTRR: Disabled
[    0.000000] x86/PAT: MTRRs disabled, skipping PAT initialization too.
[    0.000000] CPU MTRRs all blank - virtualized system.
[    0.000000] x86/PAT: Configuration [0-7]: WB  WT  UC- UC  WB  WT  UC- UC  
[    0.000000] e820: last_pfn = 0xdfff0 max_arch_pfn = 0x400000000
[    0.000000] found SMP MP-table at [mem 0x0009fff0-0x0009ffff]
[    0.000000] Scanning 1 areas for low memory corruption
[    0.000000] RAMDISK: [mem 0x35951000-0x36c9ffff]
[    0.000000] ACPI: Early table checksum verification disabled
[    0.000000] ACPI: RSDP 0x00000000000E0000 000024 (v02 VBOX  )
[    0.000000] ACPI: XSDT 0x00000000DFFF0030 00003C (v01 VBOX   VBOXXSDT 00000001 ASL  00000061)
[    0.000000] ACPI: FACP 0x00000000DFFF00F0 0000F4 (v04 VBOX   VBOXFACP 00000001 ASL  00000061)
[    0.000000] ACPI: DSDT 0x00000000DFFF0480 002325 (v02 VBOX   VBOXBIOS 00000002 INTL 20100528)
[    0.000000] ACPI: FACS 0x00000000DFFF0200 000040
[    0.000000] ACPI: FACS 0x00000000DFFF0200 000040
[    0.000000] ACPI: APIC 0x00000000DFFF0240 00006C (v02 VBOX   VBOXAPIC 00000001 ASL  00000061)
[    0.000000] ACPI: SSDT 0x00000000DFFF02B0 0001CC (v01 VBOX   VBOXCPUT 00000002 INTL 20100528)
[    0.000000] No NUMA configuration found
[    0.000000] Faking a node at [mem 0x0000000000000000-0x000000011fffffff]
[    0.000000] NODE_DATA(0) allocated [mem 0x11ffd5000-0x11fffffff]
[    0.000000] kvm-clock: cpu 0, msr 1:1ff54001, primary cpu clock
[    0.000000] kvm-clock: Using msrs 4b564d01 and 4b564d00
[    0.000000] kvm-clock: using sched offset of 5283077569 cycles
[    0.000000] clocksource: kvm-clock: mask: 0xffffffffffffffff max_cycles: 0x1cd42e4dffb, max_idle_ns: 881590591483 ns
[    0.000000] Zone ranges:
[    0.000000]   DMA      [mem 0x0000000000001000-0x0000000000ffffff]
[    0.000000]   DMA32    [mem 0x0000000001000000-0x00000000ffffffff]
[    0.000000]   Normal   [mem 0x0000000100000000-0x000000011fffffff]
[    0.000000]   Device   empty
[    0.000000] Movable zone start for each node
[    0.000000] Early memory node ranges
[    0.000000]   node   0: [mem 0x0000000000001000-0x000000000009efff]
[    0.000000]   node   0: [mem 0x0000000000100000-0x00000000dffeffff]
[    0.000000]   node   0: [mem 0x0000000100000000-0x000000011fffffff]
[    0.000000] Reserved but unavailable: 98 pages
[    0.000000] Initmem setup node 0 [mem 0x0000000000001000-0x000000011fffffff]
[    0.000000] ACPI: PM-Timer IO Port: 0x4008
[    0.000000] IOAPIC[0]: apic_id 4, version 32, address 0xfec00000, GSI 0-23
[    0.000000] ACPI: INT_SRC_OVR (bus 0 bus_irq 0 global_irq 2 dfl dfl)
[    0.000000] ACPI: INT_SRC_OVR (bus 0 bus_irq 9 global_irq 9 low level)
[    0.000000] Using ACPI (MADT) for SMP configuration information
[    0.000000] smpboot: Allowing 4 CPUs, 0 hotplug CPUs
[    0.000000] PM: Registered nosave memory: [mem 0x00000000-0x00000fff]
[    0.000000] PM: Registered nosave memory: [mem 0x0009f000-0x0009ffff]
[    0.000000] PM: Registered nosave memory: [mem 0x000a0000-0x000effff]
[    0.000000] PM: Registered nosave memory: [mem 0x000f0000-0x000fffff]
[    0.000000] PM: Registered nosave memory: [mem 0xdfff0000-0xdfffffff]
[    0.000000] PM: Registered nosave memory: [mem 0xe0000000-0xfebfffff]
[    0.000000] PM: Registered nosave memory: [mem 0xfec00000-0xfec00fff]
[    0.000000] PM: Registered nosave memory: [mem 0xfec01000-0xfedfffff]
[    0.000000] PM: Registered nosave memory: [mem 0xfee00000-0xfee00fff]
[    0.000000] PM: Registered nosave memory: [mem 0xfee01000-0xfffbffff]
[    0.000000] PM: Registered nosave memory: [mem 0xfffc0000-0xffffffff]
[    0.000000] e820: [mem 0xe0000000-0xfebfffff] available for PCI devices
[    0.000000] Booting paravirtualized kernel on KVM
[    0.000000] clocksource: refined-jiffies: mask: 0xffffffff max_cycles: 0xffffffff, max_idle_ns: 7645519600211568 ns
[    0.000000] random: get_random_bytes called from start_kernel+0x99/0x500 with crng_init=0
[    0.000000] setup_percpu: NR_CPUS:8192 nr_cpumask_bits:4 nr_cpu_ids:4 nr_node_ids:1
[    0.000000] percpu: Embedded 45 pages/cpu s147456 r8192 d28672 u524288
[    0.000000] PV qspinlock hash table entries: 256 (order: 0, 4096 bytes)
[    0.000000] Built 1 zonelists, mobility grouping on.  Total pages: 1032057
[    0.000000] Policy zone: Normal
[    0.000000] Kernel command line: BOOT_IMAGE=/boot/vmlinuz-4.15.0-132-generic root=LABEL=cloudimg-rootfs ro console=tty1 console=ttyS0
[    0.000000] Memory: 4012736K/4193848K available (12300K kernel code, 2482K rwdata, 4276K rodata, 2440K init, 2724K bss, 181112K reserved, 0K cma-reserved)
[    0.000000] SLUB: HWalign=64, Order=0-3, MinObjects=0, CPUs=4, Nodes=1
[    0.000000] ftrace: allocating 39421 entries in 154 pages
[    0.004000] Hierarchical RCU implementation.
[    0.004000] 	RCU restricting CPUs from NR_CPUS=8192 to nr_cpu_ids=4.
[    0.004000] 	Tasks RCU enabled.
[    0.004000] RCU: Adjusting geometry for rcu_fanout_leaf=16, nr_cpu_ids=4
[    0.004000] NR_IRQS: 524544, nr_irqs: 456, preallocated irqs: 16
[    0.004000] Console: colour VGA+ 80x25
[    0.004000] console [tty1] enabled
[    0.004000] console [ttyS0] enabled
[    0.004000] ACPI: Core revision 20170831
[    0.004000] ACPI: 2 ACPI AML tables successfully acquired and loaded
[    0.004000] APIC: Switch to symmetric I/O mode setup
[    0.004000] ..TIMER: vector=0x30 apic1=0 pin1=2 apic2=-1 pin2=-1
[    0.004008] tsc: Detected 3100.042 MHz processor
[    0.008011] Calibrating delay loop (skipped) preset value.. 6200.08 BogoMIPS (lpj=12400168)
[    0.012009] pid_max: default: 32768 minimum: 301
[    0.016104] Security Framework initialized
[    0.020009] Yama: becoming mindful.
[    0.024228] AppArmor: AppArmor initialized
[    0.061357] Dentry cache hash table entries: 524288 (order: 10, 4194304 bytes)
[    0.079678] Inode-cache hash table entries: 262144 (order: 9, 2097152 bytes)
[    0.080482] Mount-cache hash table entries: 8192 (order: 4, 65536 bytes)
[    0.084566] Mountpoint-cache hash table entries: 8192 (order: 4, 65536 bytes)
[    0.089419] Last level iTLB entries: 4KB 1024, 2MB 1024, 4MB 512
[    0.092009] Last level dTLB entries: 4KB 1536, 2MB 1536, 4MB 768, 1GB 0
[    0.096009] Spectre V1 : Mitigation: usercopy/swapgs barriers and __user pointer sanitization
[    0.100034] Spectre V2 : Spectre mitigation: LFENCE not serializing, switching to generic retpoline
[    0.104009] Spectre V2 : Mitigation: Full generic retpoline
[    0.108008] Spectre V2 : Spectre v2 / SpectreRSB mitigation: Filling RSB on context switch
[    0.112009] Speculative Store Bypass: Mitigation: Speculative Store Bypass disabled via prctl and seccomp
[    0.123315] Freeing SMP alternatives memory: 36K
[    0.245262] APIC calibration not consistent with PM-Timer: 102ms instead of 100ms
[    0.248000] APIC delta adjusted to PM-Timer: 6314085 (6495930)
[    0.248560] smpboot: CPU0: AMD Ryzen 3 1200 Quad-Core Processor (family: 0x17, model: 0x1, stepping: 0x1)
[    0.252750] Performance Events: PMU not available due to virtualization, using software events only.
[    0.256304] Hierarchical SRCU implementation.
[    0.261704] NMI watchdog: Perf event create on CPU 0 failed with -2
[    0.264009] NMI watchdog: Perf NMI watchdog permanently disabled
[    0.276155] smp: Bringing up secondary CPUs ...
[    0.284059] x86: Booting SMP configuration:
[    0.288009] .... node  #0, CPUs:      #1
[    0.004000] kvm-clock: cpu 1, msr 1:1ff54041, secondary cpu clock
[    0.315229] TSC synchronization [CPU#0 -> CPU#1]:
[    0.316000] Measured 105972 cycles TSC warp between CPUs, turning off TSC clock.
[    0.316000] tsc: Marking TSC unstable due to check_tsc_sync_source failed
[    0.321144]  #2
[    0.004000] kvm-clock: cpu 2, msr 1:1ff54081, secondary cpu clock
[    0.332574]  #3
[    0.004000] kvm-clock: cpu 3, msr 1:1ff540c1, secondary cpu clock
[    0.344299] smp: Brought up 1 node, 4 CPUs
[    0.347434] smpboot: Max logical packages: 1
[    0.348009] smpboot: Total of 4 processors activated (24800.33 BogoMIPS)
[    0.356009] devtmpfs: initialized
[    0.359604] x86/mm: Memory block size: 128MB
[    0.361290] evm: security.selinux
[    0.364000] evm: security.SMACK64
[    0.368004] evm: security.SMACK64EXEC
[    0.372009] evm: security.SMACK64TRANSMUTE
[    0.376009] evm: security.SMACK64MMAP
[    0.380009] evm: security.apparmor
[    0.384004] evm: security.ima
[    0.386748] evm: security.capability
[    0.396246] clocksource: jiffies: mask: 0xffffffff max_cycles: 0xffffffff, max_idle_ns: 7645041785100000 ns
[    0.408072] futex hash table entries: 1024 (order: 4, 65536 bytes)
[    0.418007] pinctrl core: initialized pinctrl subsystem
[    0.428191] RTC time:  9:04:57, date: 01/21/21
[    0.436152] NET: Registered protocol family 16
[    0.444060] audit: initializing netlink subsys (disabled)
[    0.453533] audit: type=2000 audit(1611219904.107:1): state=initialized audit_enabled=0 res=1
[    0.460011] cpuidle: using governor ladder
[    0.464252] cpuidle: using governor menu
[    0.472366] ACPI: bus type PCI registered
[    0.476010] acpiphp: ACPI Hot Plug PCI Controller Driver version: 0.5
[    0.484837] PCI: Using configuration type 1 for base access
[    0.492007] PCI: Using configuration type 1 for extended access
[    0.508267] HugeTLB registered 2.00 MiB page size, pre-allocated 0 pages
[    0.525299] ACPI: Added _OSI(Module Device)
[    0.528009] ACPI: Added _OSI(Processor Device)
[    0.532012] ACPI: Added _OSI(3.0 _SCP Extensions)
[    0.536010] ACPI: Added _OSI(Processor Aggregator Device)
[    0.544012] ACPI: Added _OSI(Linux-Dell-Video)
[    0.548013] ACPI: Added _OSI(Linux-Lenovo-NV-HDMI-Audio)
[    0.552009] ACPI: Added _OSI(Linux-HPI-Hybrid-Graphics)
[    0.561063] ACPI: Executed 1 blocks of module-level executable AML code
[    0.580389] ACPI: Interpreter enabled
[    0.584036] ACPI: (supports S0 S5)
[    0.588010] ACPI: Using IOAPIC for interrupt routing
[    0.592512] PCI: Using host bridge windows from ACPI; if necessary, use "pci=nocrs" and report a bug
[    0.604156] ACPI: Enabled 2 GPEs in block 00 to 07
[    0.622137] ACPI: PCI Root Bridge [PCI0] (domain 0000 [bus 00-ff])
[    0.632020] acpi PNP0A03:00: _OSC: OS supports [ExtendedConfig ASPM ClockPM Segments MSI]
[    0.641841] acpi PNP0A03:00: _OSC: platform does not support [PCIeCapability]
[    0.649451] acpi PNP0A03:00: _OSC: not requesting control; platform does not support [PCIeCapability]
[    0.660011] acpi PNP0A03:00: _OSC: OS requested [PCIeHotplug PME AER PCIeCapability]
[    0.668010] acpi PNP0A03:00: _OSC: platform willing to grant [PCIeHotplug PME AER]
[    0.676010] acpi PNP0A03:00: _OSC failed (AE_SUPPORT); disabling ASPM
[    0.684805] PCI host bridge to bus 0000:00
[    0.688014] pci_bus 0000:00: root bus resource [io  0x0000-0x0cf7 window]
[    0.696010] pci_bus 0000:00: root bus resource [io  0x0d00-0xffff window]
[    0.704010] pci_bus 0000:00: root bus resource [mem 0x000a0000-0x000bffff window]
[    0.712020] pci_bus 0000:00: root bus resource [mem 0xe0000000-0xfdffffff window]
[    0.716010] pci_bus 0000:00: root bus resource [bus 00-ff]
[    0.731585] pci 0000:00:01.1: legacy IDE quirk: reg 0x10: [io  0x01f0-0x01f7]
[    0.740009] pci 0000:00:01.1: legacy IDE quirk: reg 0x14: [io  0x03f6]
[    0.744011] pci 0000:00:01.1: legacy IDE quirk: reg 0x18: [io  0x0170-0x0177]
[    0.752022] pci 0000:00:01.1: legacy IDE quirk: reg 0x1c: [io  0x0376]
[    0.798238] pci 0000:00:07.0: quirk: [io  0x4000-0x403f] claimed by PIIX4 ACPI
[    0.808042] pci 0000:00:07.0: quirk: [io  0x4100-0x410f] claimed by PIIX4 SMB
[    0.829093] ACPI: PCI Interrupt Link [LNKA] (IRQs 5 9 10 *11)
[    0.836644] ACPI: PCI Interrupt Link [LNKB] (IRQs 5 9 *10 11)
[    0.848255] ACPI: PCI Interrupt Link [LNKC] (IRQs 5 *9 10 11)
[    0.856259] ACPI: PCI Interrupt Link [LNKD] (IRQs 5 9 10 *11)
[    0.868084] SCSI subsystem initialized
[    0.876043] pci 0000:00:02.0: vgaarb: setting as boot VGA device
[    0.880000] pci 0000:00:02.0: vgaarb: VGA device added: decodes=io+mem,owns=io+mem,locks=none
[    0.896013] pci 0000:00:02.0: vgaarb: bridge control possible
[    0.908007] vgaarb: loaded
[    0.912090] ACPI: bus type USB registered
[    0.920161] usbcore: registered new interface driver usbfs
[    0.928040] usbcore: registered new interface driver hub
[    0.936396] usbcore: registered new device driver usb
[    0.944615] EDAC MC: Ver: 3.0.0
[    0.956454] PCI: Using ACPI for IRQ routing
[    0.968005] NetLabel: Initializing
[    0.972009] NetLabel:  domain hash size = 128
[    0.980005] NetLabel:  protocols = UNLABELED CIPSOv4 CALIPSO
[    0.992035] NetLabel:  unlabeled traffic allowed by default
[    1.004714] clocksource: Switched to clocksource kvm-clock
[    1.087633] VFS: Disk quotas dquot_6.6.0
[    1.092184] VFS: Dquot-cache hash table entries: 512 (order 0, 4096 bytes)
[    1.099353] AppArmor: AppArmor Filesystem Enabled
[    1.104508] pnp: PnP ACPI init
[    1.112017] pnp: PnP ACPI: found 3 devices
[    1.160067] clocksource: acpi_pm: mask: 0xffffff max_cycles: 0xffffff, max_idle_ns: 2085701024 ns
[    1.169374] NET: Registered protocol family 2
[    1.174257] TCP established hash table entries: 32768 (order: 6, 262144 bytes)
[    1.182606] TCP bind hash table entries: 32768 (order: 7, 524288 bytes)
[    1.191875] TCP: Hash tables configured (established 32768 bind 32768)
[    1.199565] UDP hash table entries: 2048 (order: 4, 65536 bytes)
[    1.206498] UDP-Lite hash table entries: 2048 (order: 4, 65536 bytes)
[    1.213012] NET: Registered protocol family 1
[    1.216925] pci 0000:00:00.0: Limiting direct PCI/PCI transfers
[    1.222425] pci 0000:00:01.0: Activating ISA DMA hang workarounds
[    1.229242] pci 0000:00:02.0: Video device with shadowed ROM at [mem 0x000c0000-0x000dffff]
[    1.237206] Unpacking initramfs...
[    2.075131] Freeing initrd memory: 19772K
[    2.083578] PCI-DMA: Using software bounce buffering for IO (SWIOTLB)
[    2.094428] software IO TLB: mapped [mem 0xdbff0000-0xdfff0000] (64MB)
[    2.101012] clocksource: tsc: mask: 0xffffffffffffffff max_cycles: 0x2caf6f565d9, max_idle_ns: 440795287870 ns
[    2.111919] platform rtc_cmos: registered platform RTC device (no PNP device found)
[    2.121321] Scanning for low memory corruption every 60 seconds
[    2.132737] Initialise system trusted keyrings
[    2.137826] Key type blacklist registered
[    2.143965] workingset: timestamp_bits=36 max_order=20 bucket_order=0
[    2.158769] zbud: loaded
[    2.164734] squashfs: version 4.0 (2009/01/31) Phillip Lougher
[    2.175594] fuse init (API version 7.26)
[    2.244350] Key type asymmetric registered
[    2.248022] Asymmetric key parser 'x509' registered
[    2.254350] Block layer SCSI generic (bsg) driver version 0.4 loaded (major 246)
[    2.263803] io scheduler noop registered
[    2.270813] io scheduler deadline registered
[    2.275930] io scheduler cfq registered (default)
[    2.286879] ACPI: AC Adapter [AC] (on-line)
[    2.291849] input: Power Button as /devices/LNXSYSTM:00/LNXPWRBN:00/input/input0
[    2.302724] ACPI: Power Button [PWRF]
[    2.307790] input: Sleep Button as /devices/LNXSYSTM:00/LNXSLPBN:00/input/input1
[    2.316347] ACPI: Sleep Button [SLPF]
[    2.323389] Serial: 8250/16550 driver, 32 ports, IRQ sharing enabled
[    2.366388] 00:02: ttyS0 at I/O 0x3f8 (irq = 4, base_baud = 115200) is a 16550A
[    2.416780] Linux agpgart interface v0.103
[    2.458838] loop: module loaded
[    2.473434] scsi host0: ata_piix
[    2.480841] scsi host1: ata_piix
[    2.484521] ata1: PATA max UDMA/33 cmd 0x1f0 ctl 0x3f6 bmdma 0xd000 irq 14
[    2.492631] ata2: PATA max UDMA/33 cmd 0x170 ctl 0x376 bmdma 0xd008 irq 15
[    2.503555] libphy: Fixed MDIO Bus: probed
[    2.513794] tun: Universal TUN/TAP device driver, 1.6
[    2.522023] PPP generic driver version 2.4.2
[    2.527096] ehci_hcd: USB 2.0 'Enhanced' Host Controller (EHCI) Driver
[    2.534104] ehci-pci: EHCI PCI platform driver
[    2.541419] ehci-platform: EHCI generic platform driver
[    2.550710] ohci_hcd: USB 1.1 'Open' Host Controller (OHCI) Driver
[    2.559942] ohci-pci: OHCI PCI platform driver
[    2.568036] ohci-platform: OHCI generic platform driver
[    2.579410] uhci_hcd: USB Universal Host Controller Interface driver
[    2.589488] i8042: PNP: PS/2 Controller [PNP0303:PS2K,PNP0f03:PS2M] at 0x60,0x64 irq 1,12
[    2.609600] serio: i8042 KBD port at 0x60,0x64 irq 1
[    2.620328] serio: i8042 AUX port at 0x60,0x64 irq 12
[    2.635336] mousedev: PS/2 mouse device common for all mice
[    2.654610] input: AT Translated Set 2 keyboard as /devices/platform/i8042/serio0/input/input2
[    2.664008] rtc_cmos rtc_cmos: rtc core: registered rtc_cmos as rtc0
[    2.681976] rtc_cmos rtc_cmos: alarms up to one day, 114 bytes nvram
[    2.688691] i2c /dev entries driver
[    2.694209] device-mapper: uevent: version 1.0.3
[    2.701090] device-mapper: ioctl: 4.37.0-ioctl (2017-09-20) initialised: dm-devel@redhat.com
[    2.715804] ledtrig-cpu: registered to indicate activity on CPUs
[    2.729803] NET: Registered protocol family 10
[    2.763358] Segment Routing with IPv6
[    2.773847] NET: Registered protocol family 17
[    2.781004] Key type dns_resolver registered
[    2.789691] mce: Using 0 MCE banks
[    2.793676] RAS: Correctable Errors collector initialized.
[    2.803264] sched_clock: Marking stable (2803180306, 0)->(5384512761, -2581332455)
[    2.831202] registered taskstats version 1
[    2.836153] Loading compiled-in X.509 certificates
[    2.852650] Loaded X.509 cert 'Build time autogenerated kernel key: a98b2ffd047997e948f693688a19fea0dd669537'
[    2.867269] zswap: loaded using pool lzo/zbud
[    2.896236] Key type big_key registered
[    2.900808] Key type trusted registered
[    2.914488] Key type encrypted registered
[    2.921741] AppArmor: AppArmor sha1 policy hashing enabled
[    2.930978] ima: No TPM chip found, activating TPM-bypass! (rc=-19)
[    2.939699] ima: Allocated hash algorithm: sha1
[    2.945804] evm: HMAC attrs: 0x1
[    2.951401]   Magic number: 5:14:71
[    2.958851] rtc_cmos rtc_cmos: setting system clock to 2021-01-21 09:04:59 UTC (1611219899)
[    2.981169] BIOS EDD facility v0.16 2004-Jun-25, 0 devices found
[    2.988797] EDD information not available.
[    3.005747] Freeing unused kernel image memory: 2440K
[    3.048173] Write protecting the kernel read-only data: 20480k
[    3.064075] Freeing unused kernel image memory: 2008K
[    3.071725] Freeing unused kernel image memory: 1868K
[    3.088429] x86/mm: Checked W+X mappings: passed, no W+X pages found.
Loading, please wait...
starting version 237
[    3.286526] Fusion MPT base driver 3.04.20
[    3.297301] Copyright (c) 1999-2008 LSI Corporation
[    3.356359] e1000: Intel(R) PRO/1000 Network Driver - version 7.3.21-k8-NAPI
[    3.366956] e1000: Copyright (c) 1999-2006 Intel Corporation.
[    3.414863] Fusion MPT SPI Host driver 3.04.20
[    3.474750] vboxvideo: loading out-of-tree module taints kernel.
[    3.490346] vboxvideo: module verification failed: signature and/or required key missing - tainting kernel
[    3.766315] input: ImExPS/2 Generic Explorer Mouse as /devices/platform/i8042/serio1/input/input4
[    4.274055] e1000 0000:00:03.0 eth0: (PCI:33MHz:32-bit) 02:11:f7:37:ca:bc
[    4.280477] e1000 0000:00:03.0 eth0: Intel(R) PRO/1000 Network Connection
[    4.291325] mptbase: ioc0: Initiating bringup
[    4.291716] e1000 0000:00:03.0 enp0s3: renamed from eth0
[    4.986858] ioc0: LSI53C1030 A0: Capabilities={Initiator}
[    5.432794] scsi host2: ioc0: LSI53C1030 A0, FwRev=00000000h, Ports=1, MaxQ=256, IRQ=20
[    6.206448] scsi 2:0:0:0: Direct-Access     VBOX     HARDDISK         1.0  PQ: 0 ANSI: 5
[    6.207816] [drm] VRAM 01000000
[    6.218883] [TTM] Zone  kernel: Available graphics memory: 2019430 kiB
[    6.225085] [TTM] Initializing pool allocator
[    6.229383] [TTM] Initializing DMA pool allocator
[    6.298200] fbcon: vboxdrmfb (fb0) is primary device
[    6.354376] Console: switching to colour frame buffer device 100x37
[    6.364116] scsi target2:0:0: Beginning Domain Validation
[    6.368704] random: fast init done
[    6.370066] scsi target2:0:0: Domain Validation skipping write tests
[    6.370067] scsi target2:0:0: Ending Domain Validation
[    6.370431] scsi target2:0:0: asynchronous
[    6.372422] scsi 2:0:1:0: Direct-Access     VBOX     HARDDISK         1.0  PQ: 0 ANSI: 5
[    6.439362] vboxvideo 0000:00:02.0: fb0: vboxdrmfb frame buffer device
[    6.440205] scsi target2:0:1: Beginning Domain Validation
[    6.454972] scsi target2:0:1: Domain Validation skipping write tests
[    6.458979] scsi target2:0:1: Ending Domain Validation
[    6.460804] [drm] Initialized vboxvideo 1.0.0 20130823 for 0000:00:02.0 on minor 0
[    6.463305] scsi target2:0:1: asynchronous
[    6.478443] random: systemd-udevd: uninitialized urandom read (16 bytes read)
[    6.504829] sd 2:0:0:0: Attached scsi generic sg0 type 0
[    6.510189] random: systemd-udevd: uninitialized urandom read (16 bytes read)
[    6.527661] sd 2:0:1:0: Attached scsi generic sg1 type 0
[    6.527956] sd 2:0:0:0: [sda] 83886080 512-byte logical blocks: (42.9 GB/40.0 GiB)
[    6.528337] sd 2:0:0:0: [sda] Write Protect is off
[    6.528967] sd 2:0:1:0: [sdb] 20480 512-byte logical blocks: (10.5 MB/10.0 MiB)
[    6.529062] sd 2:0:0:0: [sda] Incomplete mode parameter data
[    6.529063] sd 2:0:0:0: [sda] Assuming drive cache: write through
[    6.529390] sd 2:0:1:0: [sdb] Write Protect is off
[    6.530493] sd 2:0:1:0: [sdb] Incomplete mode parameter data
[    6.530494] sd 2:0:1:0: [sdb] Assuming drive cache: write through
[    6.545175]  sda: sda1
[    6.545671] random: systemd-udevd: uninitialized urandom read (16 bytes read)
[    6.550616] sd 2:0:0:0: [sda] Attached SCSI disk
[    6.563135] sd 2:0:1:0: [sdb] Attached SCSI disk
Begin: Loading essential drivers ... [    7.232563] raid6: sse2x1   gen()  5475 MB/s
[    7.304009] raid6: sse2x1   xor()  3562 MB/s
[    7.405780] raid6: sse2x2   gen()  7474 MB/s
[    7.485120] raid6: sse2x2   xor()  5063 MB/s
[    7.588353] raid6: sse2x4   gen()  8642 MB/s
[    7.684133] raid6: sse2x4   xor()  4489 MB/s
[    7.717616] raid6: using algorithm sse2x4 gen() 8642 MB/s
[    7.750756] raid6: .... xor() 4489 MB/s, rmw enabled
[    7.795254] raid6: using ssse3x2 recovery algorithm
[    7.848768] xor: measuring software checksum speed
[   10.177304]    prefetch64-sse: -1508879.-296 MB/sec
[   13.240984]    generic_sse: -1635691.-296 MB/sec
[   13.265759] xor: using function: prefetch64-sse (-1508879.-296 MB/sec)
[   13.302563] async_tx: api initialized (async)
done.
Begin: Running /scripts/init-premount ... done.
Begin: Mounting root file system ... Begin: Running /scripts/local-top ... done.
Begin: Running /scripts/local-premount ... [   13.447294] Btrfs loaded, crc32c=crc32c-intel
Scanning for Btrfs filesystems
done.
Warning: fsck not present, so skipping root file system
[   13.569144] EXT4-fs (sda1): mounted filesystem with ordered data mode. Opts: (null)
done.
Begin: Running /scripts/local-bottom ... done.
Begin: Running /scripts/init-bottom ... done.
[   14.443152] ip_tables: (C) 2000-2006 Netfilter Core Team
[   14.538821] systemd[1]: systemd 237 running in system mode. (+PAM +AUDIT +SELINUX +IMA +APPARMOR +SMACK +SYSVINIT +UTMP +LIBCRYPTSETUP +GCRYPT +GNUTLS +ACL +XZ +LZ4 +SECCOMP +BLKID +ELFUTILS +KMOD -IDN2 +IDN -PCRE2 default-hierarchy=hybrid)
[   14.622516] systemd[1]: Detected virtualization oracle.
[   14.649525] systemd[1]: Detected architecture x86-64.

Welcome to [1mUbuntu 18.04.5 LTS[0m!

[   14.844199] systemd[1]: Set hostname to <ubuntu-bionic>.
[   15.387323] random: crng init done
[   15.414588] random: 7 urandom warning(s) missed due to ratelimiting
[   16.301898] systemd[1]: Set up automount Arbitrary Executable File Formats File System Automount Point.
[[0;32m  OK  [0m] Set up automount Arbitrary Executab…rmats File System Automount Point.
[   16.357623] systemd[1]: Reached target User and Group Name Lookups.
[[0;32m  OK  [0m] Reached target User and Group Name Lookups.
[   16.387372] systemd[1]: Reached target Swap.
[[0;32m  OK  [0m] Reached target Swap.
[   16.419621] systemd[1]: Reached target System Time Synchronized.
[[0;32m  OK  [0m] Reached target System Time Synchronized.
[   16.452685] systemd[1]: Started Forward Password Requests to Wall Directory Watch.
[[0;32m  OK  [0m] Started Forward Password Requests to Wall Directory Watch.
[   16.542519] systemd[1]: Created slice User and Session Slice.
[[0;32m  OK  [0m] Created slice User and Session Slice.
[[0;32m  OK  [0m] Created slice System Slice.
[[0;32m  OK  [0m] Listening on LVM2 poll daemon socket.
[[0;32m  OK  [0m] Created slice system-serial\x2dgetty.slice.
[[0;32m  OK  [0m] Listening on /dev/initctl Compatibility Named Pipe.
[[0;32m  OK  [0m] Listening on Journal Audit Socket.
[[0;32m  OK  [0m] Listening on Journal Socket.
         Starting Load Kernel Modules...
         Mounting Huge Pages File System...
         Starting Remount Root and Kernel File Systems...
[[0;32m  OK  [0m] Listening on udev Control Socket.
         Mounting POSIX Message Queue File System...
[[0;32m  OK  [0m] Listening on udev Kernel Socket.
         Starting Uncomplicated firewall...
[[0;32m  OK  [0m] Listening on Network Service Netlink Socket.
         Mounting Kernel Debug File System...
[[0;32m  OK  [0m] Listening on Journal Socket (/dev/log).
[[0;32m  OK  [0m] Listening on Device-mapper event daemon FIFOs.
[[0;32m  OK  [0m] Listening on Syslog Socket.
[   16.727626] Loading iSCSI transport class v2.0-870.
         Starting Journal Service...
[[0;32m  OK  [0m] Listening on LVM2 metadata daemon socket.
         Starting Monitoring of LVM2 mirrors…ng dmeventd or progress polling...
         Starting udev Coldplug all Devices...
         Starting Create list of required st…ce nodes for the current kernel...
[[0;32m  OK  [0m] Reached target Slices.
         Starting Set the console keyboard layout...
[[0;32m  OK  [0m] Mounted Huge Pages File System.
[[0;32m  OK  [0m] Mounted POSIX Message Queue File System.
[[0;32m  OK  [0m] Started Uncomplicated firewall.
[[0;32m  OK  [0m] Mounted Kernel Debug File System.
[[0;32m  OK  [0m] Started udev Coldplug all Devices.
[   16.937508] EXT4-fs (sda1): re-mounted. Opts: (null)
[[0;32m  OK  [0m] Started Remount Root and Kernel File Systems.
[   16.993697] iscsi: registered transport (tcp)
         Starting Load/Save Random Seed...
[[0;32m  OK  [0m] Started Create list of required sta…vice nodes for the current kernel.
[[0;32m  OK  [0m] Started LVM2 metadata daemon.
         Starting Create Static Device Nodes in /dev...
[[0;32m  OK  [0m] Started Load/Save Random Seed.
[[0;32m  OK  [0m] Started Journal Service.
         Starting Flush Journal to Persistent Storage...
[[0;32m  OK  [0m] Started Monitoring of LVM2 mirrors,…sing dmeventd or progress polling.
[   17.378702] systemd-journald[399]: Received request to flush runtime journal from PID 1
[[0;32m  OK  [0m] Started Create Static Device Nodes in /dev.
[   17.582555] iscsi: registered transport (iser)
         Starting udev Kernel Device Manager...
[[0;32m  OK  [0m] Started Load Kernel Modules.
         Mounting FUSE Control File System...
         Starting Apply Kernel Variables...
         Mounting Kernel Configuration File System...
[[0;32m  OK  [0m] Mounted FUSE Control File System.
[[0;32m  OK  [0m] Mounted Kernel Configuration File System.
[[0;32m  OK  [0m] Started Set the console keyboard layout.
[[0;32m  OK  [0m] Reached target Local File Systems (Pre).
         Mounting /vagrant...
[[0;32m  OK  [0m] Reached target Local File Systems.
         Starting ebtables ruleset management...
         Starting Tell Plymouth To Write Out Runtime Data...
         Starting Set console font and keymap...
         Starting AppArmor initialization...
[[0;32m  OK  [0m] Started Apply Kernel Variables.
[[0;32m  OK  [0m] Started Tell Plymouth To Write Out Runtime Data.
[[0;32m  OK  [0m] Started Set console font and keymap.
[[0;32m  OK  [0m] Mounted /vagrant.
[[0;32m  OK  [0m] Started udev Kernel Device Manager.
[[0;32m  OK  [0m] Started Dispatch Password Requests to Console Directory Watch.
[[0;32m  OK  [0m] Reached target Local Encrypted Volumes.
[[0;32m  OK  [0m] Found device /dev/ttyS0.
[[0;32m  OK  [0m] Started ebtables ruleset management.
[[0;32m  OK  [0m] Listening on Load/Save RF Kill Switch Status /dev/rfkill Watch.
[[0;32m  OK  [0m] Started Flush Journal to Persistent Storage.
         Starting Create Volatile Files and Directories...
[[0;32m  OK  [0m] Started Create Volatile Files and Directories.
         Starting Update UTMP about System Boot/Shutdown...
[[0;32m  OK  [0m] Started Update UTMP about System Boot/Shutdown.
[[0;32m  OK  [0m] Started AppArmor initialization.
         Starting Load AppArmor profiles managed internally by snapd...
         Starting Initial cloud-init job (pre-networking)...
[[0;32m  OK  [0m] Started Load AppArmor profiles managed internally by snapd.
[   22.832714] cloud-init[603]: Cloud-init v. 20.4-0ubuntu1~18.04.2 running 'init-local' at Thu, 21 Jan 2021 09:05:18 +0000. Up 22.40 seconds.
[[0;32m  OK  [0m] Started Initial cloud-init job (pre-networking).
[[0;32m  OK  [0m] Reached target Network (Pre).
         Starting Network Service...
[[0;32m  OK  [0m] Started Network Service.
         Starting Network Name Resolution...
         Starting Wait for Network to be Configured...
[[0;32m  OK  [0m] Started Network Name Resolution.
[[0;32m  OK  [0m] Reached target Network.
[[0;32m  OK  [0m] Reached target Host and Network Name Lookups.
[[0;32m  OK  [0m] Started Wait for Network to be Configured.
         Starting Initial cloud-init job (metadata service crawler)...
[   24.775832] cloud-init[716]: Cloud-init v. 20.4-0ubuntu1~18.04.2 running 'init' at Thu, 21 Jan 2021 09:05:21 +0000. Up 24.60 seconds.
[   24.781578] cloud-init[716]: ci-info: ++++++++++++++++++++++++++++++++++++++Net device info++++++++++++++++++++++++++++++++++++++
[   24.787266] cloud-init[716]: ci-info: +--------+------+----------------------------+---------------+--------+-------------------+
[   24.793586] cloud-init[716]: ci-info: | Device |  Up  |          Address           |      Mask     | Scope  |     Hw-Address    |
[   24.801305] cloud-init[716]: ci-info: +--------+------+----------------------------+---------------+--------+-------------------+
[   24.808851] cloud-init[716]: ci-info: | enp0s3 | True |         10.0.2.15          | 255.255.255.0 | global | 02:11:f7:37:ca:bc |
[   24.816908] cloud-init[716]: ci-info: | enp0s3 | True | fe80::11:f7ff:fe37:cabc/64 |       .       |  link  | 02:11:f7:37:ca:bc |
[   24.824816] cloud-init[716]: ci-info: |   lo   | True |         127.0.0.1          |   255.0.0.0   |  host  |         .         |
[   24.832581] cloud-init[716]: ci-info: |   lo   | True |          ::1/128           |       .       |  host  |         .         |
[   24.839979] cloud-init[716]: ci-info: +--------+------+----------------------------+---------------+--------+-------------------+
[   24.847480] cloud-init[716]: ci-info: ++++++++++++++++++++++++++++Route IPv4 info+++++++++++++++++++++++++++++
[   24.854370] cloud-init[716]: ci-info: +-------+-------------+----------+-----------------+-----------+-------+
[   24.861476] cloud-init[716]: ci-info: | Route | Destination | Gateway  |     Genmask     | Interface | Flags |
[   24.870403] cloud-init[716]: ci-info: +-------+-------------+----------+-----------------+-----------+-------+
[   24.878970] cloud-init[716]: ci-info: |   0   |   0.0.0.0   | 10.0.2.2 |     0.0.0.0     |   enp0s3  |   UG  |
[   24.886616] cloud-init[716]: ci-info: |   1   |   10.0.2.0  | 0.0.0.0  |  255.255.255.0  |   enp0s3  |   U   |
[   24.893921] cloud-init[716]: ci-info: |   2   |   10.0.2.2  | 0.0.0.0  | 255.255.255.255 |   enp0s3  |   UH  |
[   24.900715] cloud-init[716]: ci-info: +-------+-------------+----------+-----------------+-----------+-------+
[   24.907275] cloud-init[716]: ci-info: +++++++++++++++++++Route IPv6 info+++++++++++++++++++
[   24.916543] cloud-init[716]: ci-info: +-------+-------------+---------+-----------+-------+
[   24.922785] cloud-init[716]: ci-info: | Route | Destination | Gateway | Interface | Flags |
[   24.928997] cloud-init[716]: ci-info: +-------+-------------+---------+-----------+-------+
[   24.935093] cloud-init[716]: ci-info: |   1   |  fe80::/64  |    ::   |   enp0s3  |   U   |
[   24.941448] cloud-init[716]: ci-info: |   3   |    local    |    ::   |   enp0s3  |   U   |
[   24.947735] cloud-init[716]: ci-info: |   4   |   ff00::/8  |    ::   |   enp0s3  |   U   |
[   24.955070] cloud-init[716]: ci-info: +-------+-------------+---------+-----------+-------+
[[0;32m  OK  [0m] Started Initial cloud-init job (metadata service crawler).
[[0;32m  OK  [0m] Reached target Network is Online.
         Starting Availability of block devices...
[[0;32m  OK  [0m] Reached target Remote File Systems (Pre).
[[0;32m  OK  [0m] Reached target Remote File Systems.
[[0;32m  OK  [0m] Reached target System Initialization.
[[0;32m  OK  [0m] Listening on UUID daemon activation socket.
[[0;32m  OK  [0m] Started Message of the Day.
[[0;32m  OK  [0m] Started Discard unused blocks once a week.
         Starting Socket activation for snappy daemon.
[[0;32m  OK  [0m] Started Daily apt download activities.
[[0;32m  OK  [0m] Started Daily apt upgrade and clean activities.
         Starting Docker Socket for the API.
[[0;32m  OK  [0m] Started ACPI Events Check.
[[0;32m  OK  [0m] Reached target Paths.
         Starting LXD - unix socket.
[[0;32m  OK  [0m] Listening on ACPID Listen Socket.
[[0;32m  OK  [0m] Listening on Open-iSCSI iscsid Socket.
[[0;32m  OK  [0m] Listening on D-Bus System Message Bus Socket.
[[0;32m  OK  [0m] Started Daily Cleanup of Temporary Directories.
[[0;32m  OK  [0m] Reached target Timers.
[[0;32m  OK  [0m] Reached target Cloud-config availability.
[[0;32m  OK  [0m] Started Availability of block devices.
[[0;32m  OK  [0m] Listening on Socket activation for snappy daemon.
[[0;32m  OK  [0m] Listening on Docker Socket for the API.
[[0;32m  OK  [0m] Listening on LXD - unix socket.
[[0;32m  OK  [0m] Reached target Sockets.
[[0;32m  OK  [0m] Reached target Basic System.
[[0;32m  OK  [0m] Started Regular background program processing daemon.
         Starting LSB: Record successful boot for GRUB...
[[0;32m  OK  [0m] Started Deferred execution scheduler.
         Starting LXD - container startup/shutdown...
         Starting System Logging Service...
         Starting OpenBSD Secure Shell server...
         Starting Dispatcher daemon for systemd-networkd...
[[0;32m  OK  [0m] Started irqbalance daemon.
         Starting vboxadd.service...
         Starting Accounts Service...
         Starting Permit User Sessions...
[[0;32m  OK  [0m] Started D-Bus System Message Bus.
         Starting Login Service...
         Starting LSB: automatic crash report generation...
         Starting containerd container runtime...
[[0;32m  OK  [0m] Started FUSE filesystem for LXC.
         Starting Snap Daemon...
[[0;32m  OK  [0m] Started System Logging Service.
[[0;32m  OK  [0m] Started Permit User Sessions.
[[0;32m  OK  [0m] Started OpenBSD Secure Shell server.
         Starting Authorization Manager...
         Starting Hold until boot process finishes up...
         Starting Terminate Plymouth Boot Screen...
[[0;32m  OK  [0m] Started Hold until boot process finishes up.
         Starting Set console scheme...
[[0;32m  OK  [0m] Started Serial Getty on ttyS0.
[[0;32m  OK  [0m] Started Terminate Plymouth Boot Screen.
[[0;32m  OK  [0m] Started Login Service.
[[0;32m  OK  [0m] Started Unattended Upgrades Shutdown.
[[0;32m  OK  [0m] Started Set console scheme.
[[0;32m  OK  [0m] Created slice system-getty.slice.
[[0;32m  OK  [0m] Started Getty on tty1.
[[0;32m  OK  [0m] Reached target Login Prompts.
[[0;32m  OK  [0m] Started Dispatcher daemon for systemd-networkd.
[[0;32m  OK  [0m] Started LSB: automatic crash report generation.
[[0;32m  OK  [0m] Started Authorization Manager.
[[0;32m  OK  [0m] Started Accounts Service.
[[0;32m  OK  [0m] Started LSB: Record successful boot for GRUB.
[[0;32m  OK  [0m] Started LXD - container startup/shutdown.
[[0;32m  OK  [0m] Created slice User Slice of vagrant.
         Starting User Manager for UID 1000...
[[0;32m  OK  [0m] Started Session 1 of user vagrant.
[[0;32m  OK  [0m] Started User Manager for UID 1000.
[[0;32m  OK  [0m] Started Snap Daemon.
         Starting Wait until snapd is fully seeded...
[[0;32m  OK  [0m] Started Wait until snapd is fully seeded.
         Starting Apply the settings specified in cloud-config...
[   33.906569] cloud-init[1285]: Cloud-init v. 20.4-0ubuntu1~18.04.2 running 'modules:config' at Thu, 21 Jan 2021 09:05:30 +0000. Up 33.50 seconds.

Ubuntu 18.04.5 LTS ubuntu-bionic ttyS0

ubuntu-bionic login: [   42.751951] cloud-init[2042]: Cloud-init v. 20.4-0ubuntu1~18.04.2 running 'modules:final' at Thu, 21 Jan 2021 09:05:39 +0000. Up 42.56 seconds.
[   42.752140] cloud-init[2042]: Cloud-init v. 20.4-0ubuntu1~18.04.2 finished at Thu, 21 Jan 2021 09:05:39 +0000. Datasource DataSourceNoCloud [seed=/dev/sdb][dsmode=net].  Up 42.74 seconds
